2020-01-05T16:53:42+00:00 CRITICAL syntax error, unexpected 'INTO' (T_STRING) in /var/www/html/wp-content/themes/coworking-child/functions.php on line 220

2020-01-05T16:55:42+00:00 CRITICAL syntax error, unexpected 'INTO' (T_STRING) in /var/www/html/wp-content/themes/coworking-child/functions.php on line 220

2020-01-05T19:39:11+00:00 CRITICAL syntax error, unexpected ')' in /var/www/html/wp-content/themes/coworking-child/functions.php on line 227

2020-01-05T19:57:19+00:00 CRITICAL Object of class WP_User could not be converted to string in /var/www/html/wp-content/themes/coworking/woocommerce/templ-attach-event-with-user.php on line 5

2020-01-05T19:58:11+00:00 CRITICAL Object of class WP_User could not be converted to string in /var/www/html/wp-content/themes/coworking/woocommerce/templ-attach-event-with-user.php on line 7

2020-01-05T19:58:19+00:00 CRITICAL Object of class WP_User could not be converted to string in /var/www/html/wp-content/themes/coworking/woocommerce/templ-attach-event-with-user.php on line 7

2020-01-05T20:02:44+00:00 CRITICAL syntax error, unexpected ';', expecting ')' in /var/www/html/wp-content/themes/coworking/woocommerce/templ-attach-event-with-user.php on line 16

2020-01-05T20:02:49+00:00 CRITICAL syntax error, unexpected ';', expecting ')' in /var/www/html/wp-content/themes/coworking/woocommerce/templ-attach-event-with-user.php on line 16

2020-01-05T20:03:24+00:00 CRITICAL Uncaught ArgumentCountError: Too few arguments to function get_query_var(), 0 passed in /var/www/html/wp-content/themes/coworking/woocommerce/templ-attach-event-with-user.php on line 16 and at least 1 expected in /var/www/html/wp-includes/query.php:26
Stack trace:
#0 /var/www/html/wp-content/themes/coworking/woocommerce/templ-attach-event-with-user.php(16): get_query_var()
#1 /var/www/html/wp-includes/template-loader.php(98): include('/var/www/html/w...')
#2 /var/www/html/wp-blog-header.php(19): require_once('/var/www/html/w...')
#3 /var/www/html/index.php(17): require('/var/www/html/w...')
#4 {main}
  thrown in /var/www/html/wp-includes/query.php on line 26

2020-01-05T20:04:32+00:00 CRITICAL Uncaught ArgumentCountError: Too few arguments to function get_query_var(), 0 passed in /var/www/html/wp-content/themes/coworking/woocommerce/templ-attach-event-with-user.php on line 16 and at least 1 expected in /var/www/html/wp-includes/query.php:26
Stack trace:
#0 /var/www/html/wp-content/themes/coworking/woocommerce/templ-attach-event-with-user.php(16): get_query_var()
#1 /var/www/html/wp-includes/template-loader.php(98): include('/var/www/html/w...')
#2 /var/www/html/wp-blog-header.php(19): require_once('/var/www/html/w...')
#3 /var/www/html/index.php(17): require('/var/www/html/w...')
#4 {main}
  thrown in /var/www/html/wp-includes/query.php on line 26

2020-01-05T20:14:12+00:00 CRITICAL Object of class WP_Post could not be converted to string in /var/www/html/wp-content/themes/coworking/woocommerce/templ-attach-event-with-user.php on line 9

2020-01-05T20:20:14+00:00 CRITICAL syntax error, unexpected ';', expecting ')' in /var/www/html/wp-content/themes/coworking/woocommerce/templ-attach-event-with-user.php on line 26

