2020-01-04T16:52:22+00:00 CRITICAL Uncaught Exception: DateTime::__construct(): Failed to parse time string (1591920000) at position 8 (0): Unexpected character in /var/www/html/wp-content/themes/coworking-child/functions.php:4
Stack trace:
#0 /var/www/html/wp-content/themes/coworking-child/functions.php(4): DateTime->__construct('1591920000')
#1 /var/www/html/wp-settings.php(497): include('/var/www/html/w...')
#2 /var/www/html/wp-config.php(96): require_once('/var/www/html/w...')
#3 /var/www/html/wp-load.php(37): require_once('/var/www/html/w...')
#4 /var/www/html/wp-blog-header.php(13): require_once('/var/www/html/w...')
#5 /var/www/html/index.php(17): require('/var/www/html/w...')
#6 {main}
  thrown in /var/www/html/wp-content/themes/coworking-child/functions.php on line 4

2020-01-04T16:52:27+00:00 CRITICAL Uncaught Exception: DateTime::__construct(): Failed to parse time string (1591920000) at position 8 (0): Unexpected character in /var/www/html/wp-content/themes/coworking-child/functions.php:4
Stack trace:
#0 /var/www/html/wp-content/themes/coworking-child/functions.php(4): DateTime->__construct('1591920000')
#1 /var/www/html/wp-settings.php(497): include('/var/www/html/w...')
#2 /var/www/html/wp-config.php(96): require_once('/var/www/html/w...')
#3 /var/www/html/wp-load.php(37): require_once('/var/www/html/w...')
#4 /var/www/html/wp-blog-header.php(13): require_once('/var/www/html/w...')
#5 /var/www/html/index.php(17): require('/var/www/html/w...')
#6 {main}
  thrown in /var/www/html/wp-content/themes/coworking-child/functions.php on line 4

2020-01-04T16:53:11+00:00 CRITICAL Uncaught Exception: DateTime::__construct(): Failed to parse time string (1591920000) at position 8 (0): Unexpected character in /var/www/html/wp-content/themes/coworking-child/functions.php:4
Stack trace:
#0 /var/www/html/wp-content/themes/coworking-child/functions.php(4): DateTime->__construct('1591920000')
#1 /var/www/html/wp-settings.php(497): include('/var/www/html/w...')
#2 /var/www/html/wp-config.php(96): require_once('/var/www/html/w...')
#3 /var/www/html/wp-load.php(37): require_once('/var/www/html/w...')
#4 /var/www/html/wp-admin/admin-ajax.php(22): require_once('/var/www/html/w...')
#5 {main}
  thrown in /var/www/html/wp-content/themes/coworking-child/functions.php on line 4

2020-01-04T16:54:50+00:00 CRITICAL syntax error, unexpected '1591920000' (T_LNUMBER), expecting ')' in /var/www/html/wp-content/themes/coworking-child/functions.php on line 5

2020-01-04T16:55:02+00:00 CRITICAL syntax error, unexpected '1591920000' (T_LNUMBER), expecting ')' in /var/www/html/wp-content/themes/coworking-child/functions.php on line 5

2020-01-04T16:55:03+00:00 CRITICAL syntax error, unexpected '1591920000' (T_LNUMBER), expecting ')' in /var/www/html/wp-content/themes/coworking-child/functions.php on line 5

2020-01-04T16:56:23+00:00 CRITICAL syntax error, unexpected '1591920000' (T_LNUMBER), expecting ')' in /var/www/html/wp-content/themes/coworking-child/functions.php on line 6

2020-01-04T16:56:24+00:00 CRITICAL syntax error, unexpected '1591920000' (T_LNUMBER), expecting ')' in /var/www/html/wp-content/themes/coworking-child/functions.php on line 6

2020-01-04T16:56:31+00:00 CRITICAL syntax error, unexpected '1591920000' (T_LNUMBER), expecting ')' in /var/www/html/wp-content/themes/coworking-child/functions.php on line 6

2020-01-04T16:56:32+00:00 CRITICAL syntax error, unexpected '1591920000' (T_LNUMBER), expecting ')' in /var/www/html/wp-content/themes/coworking-child/functions.php on line 6

