2020-01-02T20:34:20+00:00 NOTICE sync.started :: Starting Sync :: Thu, Jan 2, 2020 8:34 PM
2020-01-02T20:34:21+00:00 NOTICE action_scheduler.queue_job :: MailChimp_WooCommerce_Process_Coupons_Initial_Sync starts in the next minute
2020-01-02T20:35:18+00:00 NOTICE action_scheduler.queue_job :: MailChimp_WooCommerce_Single_Product starts in 5 seconds :: obj_id 119
2020-01-02T20:35:18+00:00 NOTICE action_scheduler.queue_job :: MailChimp_WooCommerce_Single_Product starts in 5 seconds :: obj_id 124
2020-01-02T20:35:18+00:00 NOTICE action_scheduler.queue_job :: MailChimp_WooCommerce_Single_Product starts in 5 seconds :: obj_id 128
2020-01-02T20:35:18+00:00 NOTICE action_scheduler.queue_job :: MailChimp_WooCommerce_Single_Product starts in 5 seconds :: obj_id 130
2020-01-02T20:35:18+00:00 NOTICE action_scheduler.queue_job :: MailChimp_WooCommerce_Single_Product starts in 5 seconds :: obj_id 132
2020-01-02T20:35:18+00:00 NOTICE action_scheduler.queue_job :: MailChimp_WooCommerce_Single_Product starts in 5 seconds :: obj_id 134
2020-01-02T20:35:18+00:00 NOTICE action_scheduler.queue_job :: MailChimp_WooCommerce_Single_Product starts in 5 seconds :: obj_id 136
2020-01-02T20:35:18+00:00 NOTICE action_scheduler.queue_job :: MailChimp_WooCommerce_Single_Product starts in 5 seconds :: obj_id 139
2020-01-02T20:35:19+00:00 NOTICE coupon_sync.completed :: Done with the coupon sync, queuing up products.
2020-01-02T20:35:19+00:00 NOTICE action_scheduler.queue_job :: MailChimp_WooCommerce_Process_Products starts in the next minute
2020-01-02T20:35:20+00:00 NOTICE product_sync.success :: addStoreProduct :: #119
2020-01-02T20:35:21+00:00 NOTICE product_sync.success :: addStoreProduct :: #124
2020-01-02T20:35:22+00:00 NOTICE product_sync.success :: addStoreProduct :: #128
2020-01-02T20:35:23+00:00 NOTICE product_sync.success :: addStoreProduct :: #130
2020-01-02T20:35:23+00:00 NOTICE product_sync.success :: addStoreProduct :: #132
2020-01-02T20:35:23+00:00 NOTICE action_scheduler.queue_job :: MailChimp_WooCommerce_Process_Products starts in the next minute
2020-01-02T20:35:25+00:00 NOTICE product_submit.success :: updateStoreProduct :: #119
2020-01-02T20:35:26+00:00 NOTICE product_submit.success :: updateStoreProduct :: #124
2020-01-02T20:35:27+00:00 NOTICE product_submit.success :: updateStoreProduct :: #128
2020-01-02T20:35:28+00:00 NOTICE product_submit.success :: updateStoreProduct :: #130
2020-01-02T20:35:29+00:00 NOTICE product_submit.success :: updateStoreProduct :: #132
2020-01-02T20:35:30+00:00 NOTICE product_submit.success :: addStoreProduct :: #134
2020-01-02T20:35:31+00:00 NOTICE product_submit.success :: addStoreProduct :: #136
2020-01-02T20:35:33+00:00 NOTICE product_submit.success :: addStoreProduct :: #139
2020-01-02T20:35:34+00:00 NOTICE product_sync.success :: updateStoreProduct :: #134
2020-01-02T20:35:35+00:00 NOTICE product_sync.success :: updateStoreProduct :: #136
2020-01-02T20:35:35+00:00 NOTICE product_sync.success :: updateStoreProduct :: #139
2020-01-02T20:35:35+00:00 NOTICE action_scheduler.queue_job :: MailChimp_WooCommerce_Process_Products starts in the next minute
2020-01-02T20:35:38+00:00 NOTICE product_sync.completed :: Done with the product sync :: queuing up the orders next!
2020-01-02T20:35:38+00:00 NOTICE action_scheduler.queue_job :: MailChimp_WooCommerce_Process_Orders starts in the next minute
2020-01-02T20:35:40+00:00 NOTICE order_submit.completed :: Done with the order sync.
2020-01-02T20:35:40+00:00 NOTICE sync.completed :: Finished Sync :: Thu, Jan 2, 2020 8:35 PM
2020-01-02T20:41:30+00:00 NOTICE action_scheduler.queue_job :: MailChimp_WooCommerce_Single_Product starts in 5 seconds :: obj_id 134
2020-01-02T20:42:16+00:00 NOTICE product_submit.success :: updateStoreProduct :: #134
2020-01-02T20:42:33+00:00 NOTICE action_scheduler.queue_job :: MailChimp_WooCommerce_Single_Product starts in 5 seconds :: obj_id 136
2020-01-02T20:42:44+00:00 NOTICE action_scheduler.queue_job :: MailChimp_WooCommerce_Single_Product starts in 5 seconds :: obj_id 132
2020-01-02T20:43:05+00:00 NOTICE action_scheduler.queue_job :: MailChimp_WooCommerce_Single_Product starts in 5 seconds :: obj_id 130
2020-01-02T20:43:18+00:00 NOTICE product_submit.success :: updateStoreProduct :: #136
2020-01-02T20:43:19+00:00 NOTICE product_submit.success :: updateStoreProduct :: #132
2020-01-02T20:43:20+00:00 NOTICE product_submit.success :: updateStoreProduct :: #130
2020-01-02T20:43:57+00:00 NOTICE action_scheduler.queue_job :: MailChimp_WooCommerce_Single_Product starts in 5 seconds :: obj_id 119
2020-01-02T20:44:17+00:00 NOTICE product_submit.success :: updateStoreProduct :: #119
2020-01-02T20:44:31+00:00 NOTICE action_scheduler.queue_job :: MailChimp_WooCommerce_Single_Product starts in 5 seconds :: obj_id 124
2020-01-02T20:44:44+00:00 NOTICE action_scheduler.queue_job :: MailChimp_WooCommerce_Single_Product starts in 5 seconds :: obj_id 139
2020-01-02T20:45:19+00:00 NOTICE product_submit.success :: updateStoreProduct :: #124
2020-01-02T20:45:20+00:00 NOTICE product_submit.success :: updateStoreProduct :: #139
