2020-01-05T19:12:02+00:00 NOTICE action_scheduler.queue_job :: MailChimp_WooCommerce_User_Submit starts in the next minute :: obj_id 4
2020-01-05T19:12:27+00:00 NOTICE member.sync :: Subscribed Member jbbfrance@gmail.com :: Array
(
    [status_if_new] => 1
    [merge_fields] => Array
        (
        )

)

2020-01-05T19:13:49+00:00 NOTICE action_scheduler.queue_job :: MailChimp_WooCommerce_User_Submit starts in the next minute :: obj_id 5
2020-01-05T19:15:04+00:00 NOTICE member.sync :: Subscribed Member j24bfrance@gmail.com :: Array
(
    [status_if_new] => 1
    [merge_fields] => Array
        (
        )

)

2020-01-05T19:25:23+00:00 NOTICE action_scheduler.queue_job :: MailChimp_WooCommerce_User_Submit starts in the next minute :: obj_id 5
2020-01-05T19:26:20+00:00 NOTICE member.sync :: Updated Member j24bfrance@gmail.com ( merge fields only ) :: Array
(
    [merge_fields] => Array
        (
        )

)

